<?xml version="1.0" encoding="UTF-8"?>
<testng-results skipped="0" failed="0" total="2" passed="2">
  <reporter-output>
  </reporter-output>
  <suite name="Suite" duration-ms="7736" started-at="2020-03-14T02:56:56Z" finished-at="2020-03-14T02:57:04Z">
    <groups>
      <group name="cucumber">
        <method signature="AbstractTestNGCucumberTests.runScenario(io.cucumber.testng.PickleWrapper, io.cucumber.testng.FeatureWrapper)[pri:0, instance:CucumberOptions.TestRunner@4f7d0008]" name="runScenario" class="io.cucumber.testng.AbstractTestNGCucumberTests"/>
      </group> <!-- cucumber -->
    </groups>
    <test name="Test" duration-ms="7736" started-at="2020-03-14T02:56:56Z" finished-at="2020-03-14T02:57:04Z">
      <class name="CucumberOptions.TestRunner">
        <test-method status="PASS" signature="setUpClass()[pri:0, instance:CucumberOptions.TestRunner@4f7d0008]" name="setUpClass" is-config="true" duration-ms="159" started-at="2020-03-13T22:56:56Z" finished-at="2020-03-13T22:56:56Z">
          <reporter-output>
          </reporter-output>
        </test-method> <!-- setUpClass -->
        <test-method status="PASS" signature="runScenario(io.cucumber.testng.PickleWrapper, io.cucumber.testng.FeatureWrapper)[pri:0, instance:CucumberOptions.TestRunner@4f7d0008]" name="runScenario" duration-ms="4141" started-at="2020-03-13T22:56:56Z" description="Runs Cucumber Scenarios" data-provider="scenarios" finished-at="2020-03-13T22:57:00Z">
          <params>
            <param index="0">
              <value>
                <![CDATA["Login with Valid credentials"]]>
              </value>
            </param>
            <param index="1">
              <value>
                <![CDATA["Login to New Tours application"]]>
              </value>
            </param>
          </params>
          <reporter-output>
          </reporter-output>
        </test-method> <!-- runScenario -->
        <test-method status="PASS" signature="runScenario(io.cucumber.testng.PickleWrapper, io.cucumber.testng.FeatureWrapper)[pri:0, instance:CucumberOptions.TestRunner@4f7d0008]" name="runScenario" duration-ms="3225" started-at="2020-03-13T22:57:00Z" description="Runs Cucumber Scenarios" data-provider="scenarios" finished-at="2020-03-13T22:57:04Z">
          <params>
            <param index="0">
              <value>
                <![CDATA["Login with Valid credentials"]]>
              </value>
            </param>
            <param index="1">
              <value>
                <![CDATA["Login to New Tours application"]]>
              </value>
            </param>
          </params>
          <reporter-output>
          </reporter-output>
        </test-method> <!-- runScenario -->
        <test-method status="PASS" signature="tearDownClass()[pri:0, instance:CucumberOptions.TestRunner@4f7d0008]" name="tearDownClass" is-config="true" duration-ms="86" started-at="2020-03-13T22:57:04Z" finished-at="2020-03-13T22:57:04Z">
          <reporter-output>
          </reporter-output>
        </test-method> <!-- tearDownClass -->
      </class> <!-- CucumberOptions.TestRunner -->
      <class name="resources.commonmethods">
        <test-method status="PASS" signature="readProperties(java.lang.String, java.lang.String)[pri:0, instance:resources.commonmethods@553f17c]" name="readProperties" is-config="true" duration-ms="7" started-at="2020-03-13T22:56:56Z" finished-at="2020-03-13T22:56:56Z">
          <params>
            <param index="0">
              <value>
                <![CDATA[QA]]>
              </value>
            </param>
            <param index="1">
              <value>
                <![CDATA[chrome]]>
              </value>
            </param>
          </params>
          <reporter-output>
          </reporter-output>
        </test-method> <!-- readProperties -->
      </class> <!-- resources.commonmethods -->
    </test> <!-- Test -->
  </suite> <!-- Suite -->
</testng-results>
